<?xml version="1.0" encoding="UTF-8"?>
<!-- Generated by org.testng.reporters.JUnitReportReporter -->
<testsuite hostname="LIN80016332" failures="0" tests="3" name="cucum.toolqa.grp.testrunner.testrunner" time="43.726" errors="0" timestamp="04 Oct 2020 08:03:19 GMT" skipped="0">
  <testcase classname="cucum.toolqa.grp.testrunner.testrunner" name="runScenario" time="14.509"/>
  <testcase classname="cucum.toolqa.grp.testrunner.testrunner" name="runScenario" time="11.899"/>
  <testcase classname="cucum.toolqa.grp.testrunner.testrunner" name="runScenario" time="17.318"/>
</testsuite> <!-- cucum.toolqa.grp.testrunner.testrunner -->
